Players at the table: Lucky Luke, Ken, Donald Duck, Powpow
Lucky Luke's policy: semi-random
Ken's policy: pretty-smart
Donald Duck's policy: random
Powpow's policy: pretty-smart
Let the games begin!

Starting round # 1 ...
Lucky Luke: [B-3, B-4, E-2, C-1, A-4]
Ken: [D-4, E-1, D-3, E-4, D-1]
Donald Duck: [C-3, D-2, C-2, A-2, B-1]
Powpow: [E-3, B-2, A-1, A-3, C-4]
Lucky Luke can ask for 11 cards
Lucky Luke asks Powpow: B-1
Powpow does not have B-1
Next round it will be Powpow's turn

Starting round # 2 ...
Lucky Luke: [B-3, B-4, E-2, C-1, A-4]
Ken: [D-4, E-1, D-3, E-4, D-1]
Donald Duck: [C-3, D-2, C-2, A-2, B-1]
Powpow: [E-3, B-2, A-1, A-3, C-4]
Powpow can ask for 11 cards
Powpow asks Lucky Luke: A-4
Powpow gets A-4 from Lucky Luke
Next round it will be Powpow's turn

Starting round # 3 ...
Lucky Luke: [B-3, B-4, E-2, C-1]
Ken: [D-4, E-1, D-3, E-4, D-1]
Donald Duck: [C-3, D-2, C-2, A-2, B-1]
Powpow: [E-3, B-2, A-1, A-3, C-4, A-4]
Powpow can ask for 10 cards
Powpow asks Lucky Luke: A-2
Lucky Luke does not have A-2
Next round it will be Lucky Luke's turn

Starting round # 4 ...
Lucky Luke: [B-3, B-4, E-2, C-1]
Ken: [D-4, E-1, D-3, E-4, D-1]
Donald Duck: [C-3, D-2, C-2, A-2, B-1]
Powpow: [E-3, B-2, A-1, A-3, C-4, A-4]
Lucky Luke can ask for 8 cards
Lucky Luke asks Donald Duck: B-1
Lucky Luke gets B-1 from Donald Duck
Next round it will be Lucky Luke's turn

Starting round # 5 ...
Lucky Luke: [B-3, B-4, E-2, C-1, B-1]
Ken: [D-4, E-1, D-3, E-4, D-1]
Donald Duck: [C-3, D-2, C-2, A-2]
Powpow: [E-3, B-2, A-1, A-3, C-4, A-4]
Lucky Luke can ask for 7 cards
Lucky Luke asks Powpow: B-2
Lucky Luke gets B-2 from Powpow
Lucky Luke has a quartet with B!
Lucky Luke is putting down [B-3, B-4, B-1, B-2]
Next round it will be Lucky Luke's turn

Starting round # 6 ...
Lucky Luke: [E-2, C-1]
Ken: [D-4, E-1, D-3, E-4, D-1]
Donald Duck: [C-3, D-2, C-2, A-2]
Powpow: [E-3, A-1, A-3, C-4, A-4]
Lucky Luke can ask for 6 cards
Lucky Luke asks Donald Duck: E-4
Donald Duck does not have E-4
Next round it will be Donald Duck's turn

Starting round # 7 ...
Lucky Luke: [E-2, C-1]
Ken: [D-4, E-1, D-3, E-4, D-1]
Donald Duck: [C-3, D-2, C-2, A-2]
Powpow: [E-3, A-1, A-3, C-4, A-4]
Donald Duck can ask for 8 cards
Donald Duck asks Ken: D-1
Donald Duck gets D-1 from Ken
Next round it will be Donald Duck's turn

Starting round # 8 ...
Lucky Luke: [E-2, C-1]
Ken: [D-4, E-1, D-3, E-4]
Donald Duck: [C-3, D-2, C-2, A-2, D-1]
Powpow: [E-3, A-1, A-3, C-4, A-4]
Donald Duck can ask for 7 cards
Donald Duck asks Lucky Luke: A-4
Lucky Luke does not have A-4
Next round it will be Lucky Luke's turn

Starting round # 9 ...
Lucky Luke: [E-2, C-1]
Ken: [D-4, E-1, D-3, E-4]
Donald Duck: [C-3, D-2, C-2, A-2, D-1]
Powpow: [E-3, A-1, A-3, C-4, A-4]
Lucky Luke can ask for 6 cards
Lucky Luke asks Ken: C-2
Ken does not have C-2
Next round it will be Ken's turn

Starting round # 10 ...
Lucky Luke: [E-2, C-1]
Ken: [D-4, E-1, D-3, E-4]
Donald Duck: [C-3, D-2, C-2, A-2, D-1]
Powpow: [E-3, A-1, A-3, C-4, A-4]
Ken can ask for 4 cards
Ken asks Donald Duck: D-1
Ken gets D-1 from Donald Duck
Next round it will be Ken's turn

Starting round # 11 ...
Lucky Luke: [E-2, C-1]
Ken: [D-4, E-1, D-3, E-4, D-1]
Donald Duck: [C-3, D-2, C-2, A-2]
Powpow: [E-3, A-1, A-3, C-4, A-4]
Ken can ask for 3 cards
Ken asks Donald Duck: D-2
Ken gets D-2 from Donald Duck
Ken has a quartet with D!
Ken is putting down [D-4, D-3, D-1, D-2]
Next round it will be Ken's turn

Starting round # 12 ...
Lucky Luke: [E-2, C-1]
Ken: [E-1, E-4]
Donald Duck: [C-3, C-2, A-2]
Powpow: [E-3, A-1, A-3, C-4, A-4]
Ken can ask for 2 cards
Ken asks Powpow: E-2
Powpow does not have E-2
Next round it will be Powpow's turn

Starting round # 13 ...
Lucky Luke: [E-2, C-1]
Ken: [E-1, E-4]
Donald Duck: [C-3, C-2, A-2]
Powpow: [E-3, A-1, A-3, C-4, A-4]
Powpow can ask for 7 cards
Powpow asks Donald Duck: A-2
Powpow gets A-2 from Donald Duck
Powpow has a quartet with A!
Powpow is putting down [A-1, A-3, A-4, A-2]
Next round it will be Powpow's turn

Starting round # 14 ...
Lucky Luke: [E-2, C-1]
Ken: [E-1, E-4]
Donald Duck: [C-3, C-2]
Powpow: [E-3, C-4]
Powpow can ask for 6 cards
Powpow asks Donald Duck: C-2
Powpow gets C-2 from Donald Duck
Next round it will be Powpow's turn

Starting round # 15 ...
Lucky Luke: [E-2, C-1]
Ken: [E-1, E-4]
Donald Duck: [C-3]
Powpow: [E-3, C-4, C-2]
Powpow can ask for 5 cards
Powpow asks Ken: C-3
Ken does not have C-3
Next round it will be Ken's turn

Starting round # 16 ...
Lucky Luke: [E-2, C-1]
Ken: [E-1, E-4]
Donald Duck: [C-3]
Powpow: [E-3, C-4, C-2]
Ken can ask for 2 cards
Ken asks Powpow: E-3
Ken gets E-3 from Powpow
Next round it will be Ken's turn

Starting round # 17 ...
Lucky Luke: [E-2, C-1]
Ken: [E-1, E-4, E-3]
Donald Duck: [C-3]
Powpow: [C-4, C-2]
Ken can ask for 1 cards
Ken asks Lucky Luke: E-2
Ken gets E-2 from Lucky Luke
Ken has a quartet with E!
Ken is putting down [E-1, E-4, E-3, E-2]
Next round it will be Powpow's turn

Starting round # 18 ...
Lucky Luke: [C-1]
Ken: []
Donald Duck: [C-3]
Powpow: [C-4, C-2]
Powpow can ask for 2 cards
Powpow asks Lucky Luke: C-1
Powpow gets C-1 from Lucky Luke
Next round it will be Powpow's turn

Starting round # 19 ...
Lucky Luke: []
Ken: []
Donald Duck: [C-3]
Powpow: [C-4, C-2, C-1]
Powpow can ask for 1 cards
Powpow asks Donald Duck: C-3
Powpow gets C-3 from Donald Duck
Powpow has a quartet with C!
Powpow is putting down [C-4, C-2, C-1, C-3]

The game finished after 19 rounds!
Lucky Luke has 1 quartets
Ken has 2 quartets
Donald Duck has 0 quartets
Powpow has 2 quartets
