Players at the table: Powpow, Lucky Luke, Donald Duck, Ken
Let the games begin!

Starting round # 1 ...
Powpow: [A-1, B-2, A-4, A-3, B-1]
Lucky Luke: [D-4, E-3, B-4, C-3, E-1]
Donald Duck: [E-4, D-3, D-2, C-4, E-2]
Ken: [B-3, C-2, C-1, A-2, D-1]
Powpow can ask for 3 cards
Powpow asks Lucky Luke: B-4
Powpow gets B-4 from Lucky Luke
Next round it will be Powpow's turn

Starting round # 2 ...
Powpow: [A-1, B-2, A-4, A-3, B-1, B-4]
Lucky Luke: [D-4, E-3, C-3, E-1]
Donald Duck: [E-4, D-3, D-2, C-4, E-2]
Ken: [B-3, C-2, C-1, A-2, D-1]
Powpow can ask for 2 cards
Powpow asks Lucky Luke: B-3
Lucky Luke does not have B-3
Next round it will be Lucky Luke's turn

Starting round # 3 ...
Powpow: [A-1, B-2, A-4, A-3, B-1, B-4]
Lucky Luke: [D-4, E-3, C-3, E-1]
Donald Duck: [E-4, D-3, D-2, C-4, E-2]
Ken: [B-3, C-2, C-1, A-2, D-1]
Lucky Luke can ask for 8 cards
Lucky Luke asks Ken: C-4
Ken does not have C-4
Next round it will be Ken's turn

Starting round # 4 ...
Powpow: [A-1, B-2, A-4, A-3, B-1, B-4]
Lucky Luke: [D-4, E-3, C-3, E-1]
Donald Duck: [E-4, D-3, D-2, C-4, E-2]
Ken: [B-3, C-2, C-1, A-2, D-1]
Ken can ask for 11 cards
Ken asks Powpow: C-4
Powpow does not have C-4
Next round it will be Powpow's turn

Starting round # 5 ...
Powpow: [A-1, B-2, A-4, A-3, B-1, B-4]
Lucky Luke: [D-4, E-3, C-3, E-1]
Donald Duck: [E-4, D-3, D-2, C-4, E-2]
Ken: [B-3, C-2, C-1, A-2, D-1]
Powpow can ask for 2 cards
Powpow asks Lucky Luke: B-3
Lucky Luke does not have B-3
Next round it will be Lucky Luke's turn

Starting round # 6 ...
Powpow: [A-1, B-2, A-4, A-3, B-1, B-4]
Lucky Luke: [D-4, E-3, C-3, E-1]
Donald Duck: [E-4, D-3, D-2, C-4, E-2]
Ken: [B-3, C-2, C-1, A-2, D-1]
Lucky Luke can ask for 8 cards
Lucky Luke asks Donald Duck: C-4
Lucky Luke gets C-4 from Donald Duck
Next round it will be Lucky Luke's turn

Starting round # 7 ...
Powpow: [A-1, B-2, A-4, A-3, B-1, B-4]
Lucky Luke: [D-4, E-3, C-3, E-1, C-4]
Donald Duck: [E-4, D-3, D-2, E-2]
Ken: [B-3, C-2, C-1, A-2, D-1]
Lucky Luke can ask for 7 cards
Lucky Luke asks Powpow: D-3
Powpow does not have D-3
Next round it will be Powpow's turn

Starting round # 8 ...
Powpow: [A-1, B-2, A-4, A-3, B-1, B-4]
Lucky Luke: [D-4, E-3, C-3, E-1, C-4]
Donald Duck: [E-4, D-3, D-2, E-2]
Ken: [B-3, C-2, C-1, A-2, D-1]
Powpow can ask for 2 cards
Powpow asks Ken: A-2
Powpow gets A-2 from Ken
Powpow has a quartet with A!
Powpow is putting down [A-1, A-4, A-3, A-2]
Next round it will be Powpow's turn

Starting round # 9 ...
Powpow: [B-2, B-1, B-4]
Lucky Luke: [D-4, E-3, C-3, E-1, C-4]
Donald Duck: [E-4, D-3, D-2, E-2]
Ken: [B-3, C-2, C-1, D-1]
Powpow can ask for 1 cards
Powpow asks Donald Duck: B-3
Donald Duck does not have B-3
Next round it will be Donald Duck's turn

Starting round # 10 ...
Powpow: [B-2, B-1, B-4]
Lucky Luke: [D-4, E-3, C-3, E-1, C-4]
Donald Duck: [E-4, D-3, D-2, E-2]
Ken: [B-3, C-2, C-1, D-1]
Donald Duck can ask for 4 cards
Donald Duck asks Powpow: E-1
Powpow does not have E-1
Next round it will be Powpow's turn

Starting round # 11 ...
Powpow: [B-2, B-1, B-4]
Lucky Luke: [D-4, E-3, C-3, E-1, C-4]
Donald Duck: [E-4, D-3, D-2, E-2]
Ken: [B-3, C-2, C-1, D-1]
Powpow can ask for 1 cards
Powpow asks Ken: B-3
Powpow gets B-3 from Ken
Powpow has a quartet with B!
Powpow is putting down [B-2, B-1, B-4, B-3]
Next round it will be Ken's turn

Starting round # 12 ...
Powpow: []
Lucky Luke: [D-4, E-3, C-3, E-1, C-4]
Donald Duck: [E-4, D-3, D-2, E-2]
Ken: [C-2, C-1, D-1]
Ken can ask for 5 cards
Ken asks Donald Duck: D-2
Ken gets D-2 from Donald Duck
Next round it will be Ken's turn

Starting round # 13 ...
Powpow: []
Lucky Luke: [D-4, E-3, C-3, E-1, C-4]
Donald Duck: [E-4, D-3, E-2]
Ken: [C-2, C-1, D-1, D-2]
Ken can ask for 4 cards
Ken asks Lucky Luke: D-3
Lucky Luke does not have D-3
Next round it will be Lucky Luke's turn

Starting round # 14 ...
Powpow: []
Lucky Luke: [D-4, E-3, C-3, E-1, C-4]
Donald Duck: [E-4, D-3, E-2]
Ken: [C-2, C-1, D-1, D-2]
Lucky Luke can ask for 7 cards
Lucky Luke asks Donald Duck: D-2
Donald Duck does not have D-2
Next round it will be Donald Duck's turn

Starting round # 15 ...
Powpow: []
Lucky Luke: [D-4, E-3, C-3, E-1, C-4]
Donald Duck: [E-4, D-3, E-2]
Ken: [C-2, C-1, D-1, D-2]
Donald Duck can ask for 5 cards
Donald Duck asks Ken: D-4
Ken does not have D-4
Next round it will be Ken's turn

Starting round # 16 ...
Powpow: []
Lucky Luke: [D-4, E-3, C-3, E-1, C-4]
Donald Duck: [E-4, D-3, E-2]
Ken: [C-2, C-1, D-1, D-2]
Ken can ask for 4 cards
Ken asks Donald Duck: D-4
Donald Duck does not have D-4
Next round it will be Donald Duck's turn

Starting round # 17 ...
Powpow: []
Lucky Luke: [D-4, E-3, C-3, E-1, C-4]
Donald Duck: [E-4, D-3, E-2]
Ken: [C-2, C-1, D-1, D-2]
Donald Duck can ask for 5 cards
Donald Duck asks Ken: E-3
Ken does not have E-3
Next round it will be Ken's turn

Starting round # 18 ...
Powpow: []
Lucky Luke: [D-4, E-3, C-3, E-1, C-4]
Donald Duck: [E-4, D-3, E-2]
Ken: [C-2, C-1, D-1, D-2]
Ken can ask for 4 cards
Ken asks Donald Duck: D-4
Donald Duck does not have D-4
Next round it will be Donald Duck's turn

Starting round # 19 ...
Powpow: []
Lucky Luke: [D-4, E-3, C-3, E-1, C-4]
Donald Duck: [E-4, D-3, E-2]
Ken: [C-2, C-1, D-1, D-2]
Donald Duck can ask for 5 cards
Donald Duck asks Ken: D-1
Donald Duck gets D-1 from Ken
Next round it will be Donald Duck's turn

Starting round # 20 ...
Powpow: []
Lucky Luke: [D-4, E-3, C-3, E-1, C-4]
Donald Duck: [E-4, D-3, E-2, D-1]
Ken: [C-2, C-1, D-2]
Donald Duck can ask for 4 cards
Donald Duck asks Ken: E-3
Ken does not have E-3
Next round it will be Ken's turn

Starting round # 21 ...
Powpow: []
Lucky Luke: [D-4, E-3, C-3, E-1, C-4]
Donald Duck: [E-4, D-3, E-2, D-1]
Ken: [C-2, C-1, D-2]
Ken can ask for 5 cards
Ken asks Lucky Luke: D-4
Ken gets D-4 from Lucky Luke
Next round it will be Ken's turn

Starting round # 22 ...
Powpow: []
Lucky Luke: [E-3, C-3, E-1, C-4]
Donald Duck: [E-4, D-3, E-2, D-1]
Ken: [C-2, C-1, D-2, D-4]
Ken can ask for 4 cards
Ken asks Donald Duck: C-4
Donald Duck does not have C-4
Next round it will be Donald Duck's turn

Starting round # 23 ...
Powpow: []
Lucky Luke: [E-3, C-3, E-1, C-4]
Donald Duck: [E-4, D-3, E-2, D-1]
Ken: [C-2, C-1, D-2, D-4]
Donald Duck can ask for 4 cards
Donald Duck asks Lucky Luke: D-4
Lucky Luke does not have D-4
Next round it will be Lucky Luke's turn

Starting round # 24 ...
Powpow: []
Lucky Luke: [E-3, C-3, E-1, C-4]
Donald Duck: [E-4, D-3, E-2, D-1]
Ken: [C-2, C-1, D-2, D-4]
Lucky Luke can ask for 4 cards
Lucky Luke asks Ken: C-2
Lucky Luke gets C-2 from Ken
Next round it will be Lucky Luke's turn

Starting round # 25 ...
Powpow: []
Lucky Luke: [E-3, C-3, E-1, C-4, C-2]
Donald Duck: [E-4, D-3, E-2, D-1]
Ken: [C-1, D-2, D-4]
Lucky Luke can ask for 3 cards
Lucky Luke asks Ken: E-4
Ken does not have E-4
Next round it will be Ken's turn

Starting round # 26 ...
Powpow: []
Lucky Luke: [E-3, C-3, E-1, C-4, C-2]
Donald Duck: [E-4, D-3, E-2, D-1]
Ken: [C-1, D-2, D-4]
Ken can ask for 5 cards
Ken asks Lucky Luke: C-2
Ken gets C-2 from Lucky Luke
Next round it will be Ken's turn

Starting round # 27 ...
Powpow: []
Lucky Luke: [E-3, C-3, E-1, C-4]
Donald Duck: [E-4, D-3, E-2, D-1]
Ken: [C-1, D-2, D-4, C-2]
Ken can ask for 4 cards
Ken asks Lucky Luke: C-4
Ken gets C-4 from Lucky Luke
Next round it will be Ken's turn

Starting round # 28 ...
Powpow: []
Lucky Luke: [E-3, C-3, E-1]
Donald Duck: [E-4, D-3, E-2, D-1]
Ken: [C-1, D-2, D-4, C-2, C-4]
Ken can ask for 3 cards
Ken asks Donald Duck: C-3
Donald Duck does not have C-3
Next round it will be Donald Duck's turn

Starting round # 29 ...
Powpow: []
Lucky Luke: [E-3, C-3, E-1]
Donald Duck: [E-4, D-3, E-2, D-1]
Ken: [C-1, D-2, D-4, C-2, C-4]
Donald Duck can ask for 4 cards
Donald Duck asks Lucky Luke: E-3
Donald Duck gets E-3 from Lucky Luke
Next round it will be Donald Duck's turn

Starting round # 30 ...
Powpow: []
Lucky Luke: [C-3, E-1]
Donald Duck: [E-4, D-3, E-2, D-1, E-3]
Ken: [C-1, D-2, D-4, C-2, C-4]
Donald Duck can ask for 3 cards
Donald Duck asks Ken: D-2
Donald Duck gets D-2 from Ken
Next round it will be Donald Duck's turn

Starting round # 31 ...
Powpow: []
Lucky Luke: [C-3, E-1]
Donald Duck: [E-4, D-3, E-2, D-1, E-3, D-2]
Ken: [C-1, D-4, C-2, C-4]
Donald Duck can ask for 2 cards
Donald Duck asks Ken: E-1
Ken does not have E-1
Next round it will be Ken's turn

Starting round # 32 ...
Powpow: []
Lucky Luke: [C-3, E-1]
Donald Duck: [E-4, D-3, E-2, D-1, E-3, D-2]
Ken: [C-1, D-4, C-2, C-4]
Ken can ask for 4 cards
Ken asks Lucky Luke: C-3
Ken gets C-3 from Lucky Luke
Ken has a quartet with C!
Ken is putting down [C-1, C-2, C-4, C-3]
Next round it will be Ken's turn

Starting round # 33 ...
Powpow: []
Lucky Luke: [E-1]
Donald Duck: [E-4, D-3, E-2, D-1, E-3, D-2]
Ken: [D-4]
Ken can ask for 3 cards
Ken asks Donald Duck: D-2
Ken gets D-2 from Donald Duck
Next round it will be Ken's turn

Starting round # 34 ...
Powpow: []
Lucky Luke: [E-1]
Donald Duck: [E-4, D-3, E-2, D-1, E-3]
Ken: [D-4, D-2]
Ken can ask for 2 cards
Ken asks Donald Duck: D-3
Ken gets D-3 from Donald Duck
Next round it will be Ken's turn

Starting round # 35 ...
Powpow: []
Lucky Luke: [E-1]
Donald Duck: [E-4, E-2, D-1, E-3]
Ken: [D-4, D-2, D-3]
Ken can ask for 1 cards
Ken asks Donald Duck: D-1
Ken gets D-1 from Donald Duck
Ken has a quartet with D!
Ken is putting down [D-4, D-2, D-3, D-1]
Next round it will be Lucky Luke's turn

Starting round # 36 ...
Powpow: []
Lucky Luke: [E-1]
Donald Duck: [E-4, E-2, E-3]
Ken: []
Lucky Luke can ask for 3 cards
Lucky Luke asks Donald Duck: E-3
Lucky Luke gets E-3 from Donald Duck
Next round it will be Lucky Luke's turn

Starting round # 37 ...
Powpow: []
Lucky Luke: [E-1, E-3]
Donald Duck: [E-4, E-2]
Ken: []
Lucky Luke can ask for 2 cards
Lucky Luke asks Donald Duck: E-2
Lucky Luke gets E-2 from Donald Duck
Next round it will be Lucky Luke's turn

Starting round # 38 ...
Powpow: []
Lucky Luke: [E-1, E-3, E-2]
Donald Duck: [E-4]
Ken: []
Lucky Luke can ask for 1 cards
Lucky Luke asks Donald Duck: E-4
Lucky Luke gets E-4 from Donald Duck
Lucky Luke has a quartet with E!
Lucky Luke is putting down [E-1, E-3, E-2, E-4]

The game finished after 39 rounds!
Powpow has 2 quartets
Lucky Luke has 1 quartets
Donald Duck has 0 quartets
Ken has 2 quartets
